<?xml version="1.0" encoding="UTF-8"?>
<!-- Generated by org.testng.reporters.JUnitReportReporter -->
<testsuite skipped="0" hostname="LAPTOP-D2GVCL39" name="priority.PriorityInTestNG" tests="4" failures="0" timestamp="2022-05-06T21:26:41 IST" time="0.018" errors="0">
  <testcase name="verifyUserCanUploadFile" time="0.010" classname="priority.PriorityInTestNG"/>
  <system-out/>
  <testcase name="z" time="0.003" classname="priority.PriorityInTestNG"/>
  <system-out/>
  <testcase name="A" time="0.002" classname="priority.PriorityInTestNG"/>
  <system-out/>
  <testcase name="B" time="0.003" classname="priority.PriorityInTestNG"/>
  <system-out/>
</testsuite> <!-- priority.PriorityInTestNG -->
