<?xml version="1.0" encoding="UTF-8"?>
<!-- Generated by org.testng.reporters.JUnitReportReporter -->
<testsuite skipped="0" hostname="LAPTOP-D2GVCL39" name="brockenlinks.BrockenLinksAllLinksStatusCode" tests="1" failures="0" timestamp="2022-05-07T21:32:45 IST" time="29.486" errors="0">
  <testcase name="getAllLinksStatusCode" time="29.486" classname="brockenlinks.BrockenLinksAllLinksStatusCode"/>
  <system-out/>
</testsuite> <!-- brockenlinks.BrockenLinksAllLinksStatusCode -->
