<?xml version="1.0" encoding="UTF-8"?>
<!-- Generated by org.testng.reporters.JUnitReportReporter -->
<testsuite skipped="0" hostname="LAPTOP-D2GVCL39" name="brockenlinks.BrockenLinks1" tests="1" failures="0" timestamp="2022-05-07T21:08:10 IST" time="3.363" errors="0">
  <testcase name="getLinkStatusCode" time="3.363" classname="brockenlinks.BrockenLinks1"/>
  <system-out/>
</testsuite> <!-- brockenlinks.BrockenLinks1 -->
