<?xml version="1.0" encoding="UTF-8"?>
<!-- Generated by org.testng.reporters.JUnitReportReporter -->
<testsuite skipped="0" hostname="LAPTOP-D2GVCL39" name="screencapture.ScreenCaptureClass" tests="1" failures="0" timestamp="2022-05-07T20:03:23 IST" time="18.407" errors="0">
  <testcase name="getScreenShotFromWebPage" time="18.407" classname="screencapture.ScreenCaptureClass"/>
  <system-out/>
</testsuite> <!-- screencapture.ScreenCaptureClass -->
