<?xml version="1.0" encoding="UTF-8"?>
<!-- Generated by org.testng.reporters.JUnitReportReporter -->
<testsuite skipped="0" hostname="LAPTOP-D2GVCL39" name="brockenlinks.PrintAllLinksStatusCode" tests="1" failures="0" timestamp="2022-05-07T21:42:32 IST" time="45.246" errors="0">
  <testcase name="getAllLinksStatusCode" time="45.246" classname="brockenlinks.PrintAllLinksStatusCode"/>
  <system-out/>
</testsuite> <!-- brockenlinks.PrintAllLinksStatusCode -->
