<?xml version="1.0" encoding="UTF-8"?>
<!-- Generated by org.testng.reporters.JUnitReportReporter -->
<testsuite skipped="0" hostname="LAPTOP-D2GVCL39" name="dataprovider.DataProviderAnnotationInTestNG" tests="3" failures="0" timestamp="2022-05-06T21:42:14 IST" time="0.022" errors="0">
  <testcase name="addUsertWithFirstName" time="0.002" classname="dataprovider.DataProviderAnnotationInTestNG"/>
  <system-out/>
  <testcase name="addUsertWithFirstName" time="0.003" classname="dataprovider.DataProviderAnnotationInTestNG"/>
  <system-out/>
  <testcase name="addUsertWithFirstName" time="0.017" classname="dataprovider.DataProviderAnnotationInTestNG"/>
  <system-out/>
</testsuite> <!-- dataprovider.DataProviderAnnotationInTestNG -->
