<?xml version="1.0" encoding="UTF-8"?>
<!-- Generated by org.testng.reporters.JUnitReportReporter -->
<testsuite skipped="0" hostname="LAPTOP-D2GVCL39" name="screencapture.ScreenCaptureWhenTestCaseFailed" tests="1" failures="0" timestamp="2022-05-07T20:23:44 IST" time="15.379" errors="0">
  <testcase name="getScreenShotFromWebPage" time="15.379" classname="screencapture.ScreenCaptureWhenTestCaseFailed"/>
  <system-out/>
</testsuite> <!-- screencapture.ScreenCaptureWhenTestCaseFailed -->
