<?xml version="1.0" encoding="UTF-8"?>
<!-- Generated by org.testng.reporters.JUnitReportReporter -->
<testsuite skipped="0" hostname="LAPTOP-D2GVCL39" name="brockenlinks.BrockenLinkCount" tests="1" failures="0" timestamp="2022-05-07T21:14:38 IST" time="14.832" errors="0">
  <testcase name="getBrockenLinksCount" time="14.832" classname="brockenlinks.BrockenLinkCount"/>
  <system-out/>
</testsuite> <!-- brockenlinks.BrockenLinkCount -->
