<?xml version="1.0" encoding="UTF-8"?>
<!-- Generated by org.testng.reporters.JUnitReportReporter -->
<testsuite skipped="0" hostname="LAPTOP-D2GVCL39" name="annotation.Annotation2" tests="2" failures="0" timestamp="2022-05-03T22:09:07 IST" time="0.017" errors="0">
  <testcase name="verifyUserCanNotLoginWithInvalidCredentials" time="0.007" classname="annotation.Annotation2"/>
  <system-out/>
  <testcase name="verifyUserCanLoginWithValidCredentials" time="0.010" classname="annotation.Annotation2"/>
  <system-out/>
</testsuite> <!-- annotation.Annotation2 -->
