<?xml version="1.0" encoding="UTF-8"?>
<!-- Generated by org.testng.reporters.JUnitReportReporter -->
<testsuite skipped="0" hostname="LAPTOP-D2GVCL39" name="fileupload.FileUploadClass" tests="1" failures="0" timestamp="2022-05-03T22:09:07 IST" time="17.228" errors="0">
  <testcase name="verifyFileCanBeUploaded" time="17.228" classname="fileupload.FileUploadClass"/>
  <system-out/>
</testsuite> <!-- fileupload.FileUploadClass -->
