<?xml version="1.0" encoding="UTF-8"?>
<!-- Generated by org.testng.reporters.JUnitReportReporter -->
<testsuite skipped="0" hostname="LAPTOP-D2GVCL39" name="annotation.AnnotationInTestNG" tests="3" failures="0" timestamp="2022-05-03T22:09:07 IST" time="0.019" errors="0">
  <testcase name="A" time="0.006" classname="annotation.AnnotationInTestNG"/>
  <system-out/>
  <testcase name="B" time="0.005" classname="annotation.AnnotationInTestNG"/>
  <system-out/>
  <testcase name="verifyUserCanUploadFile" time="0.008" classname="annotation.AnnotationInTestNG"/>
  <system-out/>
</testsuite> <!-- annotation.AnnotationInTestNG -->
