<?xml version="1.0" encoding="UTF-8"?>
<!-- Generated by org.testng.reporters.JUnitReportReporter -->
<testsuite skipped="0" hostname="LAPTOP-D2GVCL39" name="dataprovider.DataProviderAnnotationForToolQA" tests="2" failures="0" timestamp="2022-05-06T22:04:53 IST" time="66.165" errors="0">
  <testcase name="addUserWithProvidedDetails" time="32.687" classname="dataprovider.DataProviderAnnotationForToolQA"/>
  <system-out/>
  <testcase name="addUserWithProvidedDetails" time="33.478" classname="dataprovider.DataProviderAnnotationForToolQA"/>
  <system-out/>
</testsuite> <!-- dataprovider.DataProviderAnnotationForToolQA -->
