<?xml version="1.0" encoding="UTF-8"?>
<!-- Generated by org.testng.reporters.JUnitReportReporter -->
<testsuite skipped="0" hostname="LAPTOP-D2GVCL39" name="annotation.AnnotationInTestNG" tests="1" failures="0" timestamp="2022-05-04T20:16:57 IST" time="0.050" errors="0">
  <testcase name="B" time="0.050" classname="annotation.AnnotationInTestNG"/>
  <system-out/>
</testsuite> <!-- annotation.AnnotationInTestNG -->
